<?xml version="1.0" encoding="UTF-8"?>
<!-- Generated by org.testng.reporters.JUnitXMLReporter -->
<testsuite ignored="0" hostname="Dinuka" failures="1" tests="10" name="Surefire test" time="44.669" errors="0" timestamp="2025-04-11T17:12:52 IST">
  <testcase classname="com.automation.framework.api.CreateUserTest" name="basicPostReq" time="3.033"/>
  <testcase classname="com.automation.framework.api.CreateUserTest" name="dynamicPostReqTest" time="0.684"/>
  <testcase classname="com.automation.framework.api.DeleteUserTest" name="deleteRequest" time="0.645"/>
  <testcase classname="com.automation.framework.api.GetUserByParamsTest" name="getUserByMultiQueryParams" time="0.982"/>
  <testcase classname="com.automation.framework.api.GetUserByParamsTest" name="getUserBySinglePathParam" time="0.261"/>
  <testcase classname="com.automation.framework.api.GetUserByParamsTest" name="getUserBySingleQueryParam" time="0.276"/>
  <testcase classname="com.automation.framework.api.GetUsersTest" name="getAllUersTest" time="0.306"/>
  <testcase classname="com.automation.framework.api.projectA.FIrstTest" name="retrieveTokenByPost" time="2.645"/>
  <testcase classname="com.automation.framework.api.projectA.FIrstTest" name="sempsarcGetStreamWithTimeout" time="35.005">
    <failure type="org.testng.internal.thread.ThreadTimeoutException" message="Method com.automation.framework.api.projectA.FIrstTest.sempsarcGetStreamWithTimeout() didn&amp;apos;t finish within the time-out 35000">
      <![CDATA[org.testng.internal.thread.ThreadTimeoutException: Method com.automation.framework.api.projectA.FIrstTest.sempsarcGetStreamWithTimeout() didn't finish within the time-out 35000
at java.base@17.0.9/sun.nio.ch.SocketDispatcher.read0(Native Method)
at java.base@17.0.9/sun.nio.ch.SocketDispatcher.read(SocketDispatcher.java:46)
at java.base@17.0.9/sun.nio.ch.NioSocketImpl.tryRead(NioSocketImpl.java:266)
at java.base@17.0.9/sun.nio.ch.NioSocketImpl.implRead(NioSocketImpl.java:317)
at java.base@17.0.9/sun.nio.ch.NioSocketImpl.read(NioSocketImpl.java:355)
at java.base@17.0.9/sun.nio.ch.NioSocketImpl$1.read(NioSocketImpl.java:808)
at java.base@17.0.9/java.net.Socket$SocketInputStream.read(Socket.java:966)
at java.base@17.0.9/sun.security.ssl.SSLSocketInputRecord.read(SSLSocketInputRecord.java:484)
at java.base@17.0.9/sun.security.ssl.SSLSocketInputRecord.readHeader(SSLSocketInputRecord.java:478)
at java.base@17.0.9/sun.security.ssl.SSLSocketInputRecord.bytesInCompletePacket(SSLSocketInputRecord.java:70)
at java.base@17.0.9/sun.security.ssl.SSLSocketImpl.readApplicationRecord(SSLSocketImpl.java:1461)
at java.base@17.0.9/sun.security.ssl.SSLSocketImpl$AppInputStream.read(SSLSocketImpl.java:1065)
at app//org.apache.http.impl.io.AbstractSessionInputBuffer.fillBuffer(AbstractSessionInputBuffer.java:161)
at app//org.apache.http.impl.io.SocketInputBuffer.fillBuffer(SocketInputBuffer.java:82)
at app//org.apache.http.impl.io.AbstractSessionInputBuffer.readLine(AbstractSessionInputBuffer.java:276)
at app//org.apache.http.impl.io.ChunkedInputStream.getChunkSize(ChunkedInputStream.java:261)
at app//org.apache.http.impl.io.ChunkedInputStream.nextChunk(ChunkedInputStream.java:222)
at app//org.apache.http.impl.io.ChunkedInputStream.read(ChunkedInputStream.java:183)
at app//org.apache.http.impl.io.ChunkedInputStream.read(ChunkedInputStream.java:210)
at app//org.apache.http.impl.io.ChunkedInputStream.close(ChunkedInputStream.java:312)
at app//org.apache.http.conn.BasicManagedEntity.streamClosed(BasicManagedEntity.java:166)
at app//org.apache.http.conn.EofSensorInputStream.checkClose(EofSensorInputStream.java:228)
at app//org.apache.http.conn.EofSensorInputStream.close(EofSensorInputStream.java:172)
at app//io.restassured.internal.support.CloseHTTPClientConnectionInputStreamWrapper.close(CloseHTTPClientConnectionInputStreamWrapper.java:71)
at java.base@17.0.9/sun.nio.cs.StreamDecoder.implClose(StreamDecoder.java:366)
at java.base@17.0.9/sun.nio.cs.StreamDecoder.close(StreamDecoder.java:204)
at java.base@17.0.9/java.io.InputStreamReader.close(InputStreamReader.java:192)
at java.base@17.0.9/java.io.BufferedReader.close(BufferedReader.java:525)
at app//com.automation.framework.api.projectA.FIrstTest.sempsarcGetStreamWithTimeout(FIrstTest.java:136)
at java.base@17.0.9/java.util.concurrent.FutureTask.run(FutureTask.java:264)
at java.base@17.0.9/java.util.concurrent.ThreadPoolExecutor.runWorker(ThreadPoolExecutor.java:1136)
at java.base@17.0.9/java.util.concurrent.ThreadPoolExecutor$Worker.run(ThreadPoolExecutor.java:635)
at java.base@17.0.9/java.lang.Thread.run(Thread.java:842)
... Removed 8 stack frames]]>
    </failure>
  </testcase> <!-- sempsarcGetStreamWithTimeout -->
  <testcase classname="com.automation.framework.api.UpdateUserTest" name="basicPutReq" time="0.675"/>
</testsuite> <!-- Surefire test -->
