<?xml version="1.0" encoding="UTF-8"?>
<testng-results ignored="0" total="1" passed="1" failed="0" skipped="0">
  <reporter-output>
  </reporter-output>
  <suite started-at="2025-04-11T17:24:07 IST" name="Surefire suite" finished-at="2025-04-11T17:24:09 IST" duration-ms="2032">
    <groups>
    </groups>
    <test started-at="2025-04-11T17:24:07 IST" name="Surefire test" finished-at="2025-04-11T17:24:09 IST" duration-ms="2032">
      <class name="com.automation.framework.api.GetUsersTest">
        <test-method signature="getAllUersTest()[pri:0, instance:com.automation.framework.api.GetUsersTest@7e9131d5]" started-at="2025-04-11T17:24:07 IST" name="getAllUersTest" finished-at="2025-04-11T17:24:08 IST" duration-ms="1932" status="PASS">
          <reporter-output>
          </reporter-output>
        </test-method> <!-- getAllUersTest -->
      </class> <!-- com.automation.framework.api.GetUsersTest -->
    </test> <!-- Surefire test -->
  </suite> <!-- Surefire suite -->
</testng-results>
