<?xml version="1.0" encoding="UTF-8"?>
<testng-results ignored="0" total="10" passed="9" failed="1" skipped="0">
  <reporter-output>
  </reporter-output>
  <suite started-at="2025-04-11T17:12:07 IST" name="Surefire suite" finished-at="2025-04-11T17:12:52 IST" duration-ms="44669">
    <groups>
    </groups>
    <test started-at="2025-04-11T17:12:07 IST" name="Surefire test" finished-at="2025-04-11T17:12:52 IST" duration-ms="44669">
      <class name="com.automation.framework.api.DeleteUserTest">
        <test-method signature="deleteRequest()[pri:0, instance:com.automation.framework.api.DeleteUserTest@6a370f4]" started-at="2025-04-11T17:12:11 IST" name="deleteRequest" finished-at="2025-04-11T17:12:11 IST" duration-ms="645" status="PASS">
          <reporter-output>
          </reporter-output>
        </test-method> <!-- deleteRequest -->
      </class> <!-- com.automation.framework.api.DeleteUserTest -->
      <class name="com.automation.framework.api.projectA.FIrstTest">
        <test-method signature="retrieveTokenByPost()[pri:0, instance:com.automation.framework.api.projectA.FIrstTest@4cc8eb05]" started-at="2025-04-11T17:12:13 IST" name="retrieveTokenByPost" finished-at="2025-04-11T17:12:16 IST" duration-ms="2645" status="PASS">
          <reporter-output>
          </reporter-output>
        </test-method> <!-- retrieveTokenByPost -->
        <test-method signature="sempsarcGetStreamWithTimeout()[pri:0, instance:com.automation.framework.api.projectA.FIrstTest@4cc8eb05]" started-at="2025-04-11T17:12:16 IST" name="sempsarcGetStreamWithTimeout" finished-at="2025-04-11T17:12:51 IST" duration-ms="35005" status="FAIL">
          <exception class="org.testng.internal.thread.ThreadTimeoutException">
            <message>
              <![CDATA[Method com.automation.framework.api.projectA.FIrstTest.sempsarcGetStreamWithTimeout() didn't finish within the time-out 35000]]>
            </message>
            <full-stacktrace>
              <![CDATA[org.testng.internal.thread.ThreadTimeoutException: Method com.automation.framework.api.projectA.FIrstTest.sempsarcGetStreamWithTimeout() didn't finish within the time-out 35000
at java.base@17.0.9/sun.nio.ch.SocketDispatcher.read0(Native Method)
at java.base@17.0.9/sun.nio.ch.SocketDispatcher.read(SocketDispatcher.java:46)
at java.base@17.0.9/sun.nio.ch.NioSocketImpl.tryRead(NioSocketImpl.java:266)
at java.base@17.0.9/sun.nio.ch.NioSocketImpl.implRead(NioSocketImpl.java:317)
at java.base@17.0.9/sun.nio.ch.NioSocketImpl.read(NioSocketImpl.java:355)
at java.base@17.0.9/sun.nio.ch.NioSocketImpl$1.read(NioSocketImpl.java:808)
at java.base@17.0.9/java.net.Socket$SocketInputStream.read(Socket.java:966)
at java.base@17.0.9/sun.security.ssl.SSLSocketInputRecord.read(SSLSocketInputRecord.java:484)
at java.base@17.0.9/sun.security.ssl.SSLSocketInputRecord.readHeader(SSLSocketInputRecord.java:478)
at java.base@17.0.9/sun.security.ssl.SSLSocketInputRecord.bytesInCompletePacket(SSLSocketInputRecord.java:70)
at java.base@17.0.9/sun.security.ssl.SSLSocketImpl.readApplicationRecord(SSLSocketImpl.java:1461)
at java.base@17.0.9/sun.security.ssl.SSLSocketImpl$AppInputStream.read(SSLSocketImpl.java:1065)
at app//org.apache.http.impl.io.AbstractSessionInputBuffer.fillBuffer(AbstractSessionInputBuffer.java:161)
at app//org.apache.http.impl.io.SocketInputBuffer.fillBuffer(SocketInputBuffer.java:82)
at app//org.apache.http.impl.io.AbstractSessionInputBuffer.readLine(AbstractSessionInputBuffer.java:276)
at app//org.apache.http.impl.io.ChunkedInputStream.getChunkSize(ChunkedInputStream.java:261)
at app//org.apache.http.impl.io.ChunkedInputStream.nextChunk(ChunkedInputStream.java:222)
at app//org.apache.http.impl.io.ChunkedInputStream.read(ChunkedInputStream.java:183)
at app//org.apache.http.impl.io.ChunkedInputStream.read(ChunkedInputStream.java:210)
at app//org.apache.http.impl.io.ChunkedInputStream.close(ChunkedInputStream.java:312)
at app//org.apache.http.conn.BasicManagedEntity.streamClosed(BasicManagedEntity.java:166)
at app//org.apache.http.conn.EofSensorInputStream.checkClose(EofSensorInputStream.java:228)
at app//org.apache.http.conn.EofSensorInputStream.close(EofSensorInputStream.java:172)
at app//io.restassured.internal.support.CloseHTTPClientConnectionInputStreamWrapper.close(CloseHTTPClientConnectionInputStreamWrapper.java:71)
at java.base@17.0.9/sun.nio.cs.StreamDecoder.implClose(StreamDecoder.java:366)
at java.base@17.0.9/sun.nio.cs.StreamDecoder.close(StreamDecoder.java:204)
at java.base@17.0.9/java.io.InputStreamReader.close(InputStreamReader.java:192)
at java.base@17.0.9/java.io.BufferedReader.close(BufferedReader.java:525)
at app//com.automation.framework.api.projectA.FIrstTest.sempsarcGetStreamWithTimeout(FIrstTest.java:136)
at java.base@17.0.9/jdk.internal.reflect.NativeMethodAccessorImpl.invoke0(Native Method)
at java.base@17.0.9/jdk.internal.reflect.NativeMethodAccessorImpl.invoke(NativeMethodAccessorImpl.java:77)
at java.base@17.0.9/jdk.internal.reflect.DelegatingMethodAccessorImpl.invoke(DelegatingMethodAccessorImpl.java:43)
at java.base@17.0.9/java.lang.reflect.Method.invoke(Method.java:568)
at app//org.testng.internal.invokers.MethodInvocationHelper.invokeMethod(MethodInvocationHelper.java:141)
at app//org.testng.internal.invokers.InvokeMethodRunnable.runOne(InvokeMethodRunnable.java:47)
at app//org.testng.internal.invokers.InvokeMethodRunnable.call(InvokeMethodRunnable.java:73)
at app//org.testng.internal.invokers.InvokeMethodRunnable.call(InvokeMethodRunnable.java:11)
at java.base@17.0.9/java.util.concurrent.FutureTask.run(FutureTask.java:264)
at java.base@17.0.9/java.util.concurrent.ThreadPoolExecutor.runWorker(ThreadPoolExecutor.java:1136)
at java.base@17.0.9/java.util.concurrent.ThreadPoolExecutor$Worker.run(ThreadPoolExecutor.java:635)
at java.base@17.0.9/java.lang.Thread.run(Thread.java:842)
]]>
            </full-stacktrace>
          </exception> <!-- org.testng.internal.thread.ThreadTimeoutException -->
          <reporter-output>
          </reporter-output>
        </test-method> <!-- sempsarcGetStreamWithTimeout -->
      </class> <!-- com.automation.framework.api.projectA.FIrstTest -->
      <class name="com.automation.framework.api.GetUsersTest">
        <test-method signature="getAllUersTest()[pri:0, instance:com.automation.framework.api.GetUsersTest@770d3326]" started-at="2025-04-11T17:12:13 IST" name="getAllUersTest" finished-at="2025-04-11T17:12:13 IST" duration-ms="306" status="PASS">
          <reporter-output>
          </reporter-output>
        </test-method> <!-- getAllUersTest -->
      </class> <!-- com.automation.framework.api.GetUsersTest -->
      <class name="com.automation.framework.api.CreateUserTest">
        <test-method signature="basicPostReq()[pri:0, instance:com.automation.framework.api.CreateUserTest@6a6afff2]" started-at="2025-04-11T17:12:07 IST" name="basicPostReq" finished-at="2025-04-11T17:12:10 IST" duration-ms="3033" status="PASS">
          <reporter-output>
          </reporter-output>
        </test-method> <!-- basicPostReq -->
        <test-method signature="dynamicPostReqTest()[pri:0, instance:com.automation.framework.api.CreateUserTest@6a6afff2]" started-at="2025-04-11T17:12:10 IST" name="dynamicPostReqTest" finished-at="2025-04-11T17:12:11 IST" duration-ms="684" status="PASS">
          <reporter-output>
          </reporter-output>
        </test-method> <!-- dynamicPostReqTest -->
      </class> <!-- com.automation.framework.api.CreateUserTest -->
      <class name="com.automation.framework.api.UpdateUserTest">
        <test-method signature="basicPutReq()[pri:0, instance:com.automation.framework.api.UpdateUserTest@51f116b8]" started-at="2025-04-11T17:12:51 IST" name="basicPutReq" finished-at="2025-04-11T17:12:52 IST" duration-ms="675" status="PASS">
          <reporter-output>
          </reporter-output>
        </test-method> <!-- basicPutReq -->
      </class> <!-- com.automation.framework.api.UpdateUserTest -->
      <class name="com.automation.framework.api.GetUserByParamsTest">
        <test-method signature="getUserByMultiQueryParams()[pri:0, instance:com.automation.framework.api.GetUserByParamsTest@2abf4075]" started-at="2025-04-11T17:12:11 IST" name="getUserByMultiQueryParams" finished-at="2025-04-11T17:12:12 IST" duration-ms="982" status="PASS">
          <reporter-output>
          </reporter-output>
        </test-method> <!-- getUserByMultiQueryParams -->
        <test-method signature="getUserBySinglePathParam()[pri:0, instance:com.automation.framework.api.GetUserByParamsTest@2abf4075]" started-at="2025-04-11T17:12:12 IST" name="getUserBySinglePathParam" finished-at="2025-04-11T17:12:13 IST" duration-ms="261" status="PASS">
          <reporter-output>
          </reporter-output>
        </test-method> <!-- getUserBySinglePathParam -->
        <test-method signature="getUserBySingleQueryParam()[pri:0, instance:com.automation.framework.api.GetUserByParamsTest@2abf4075]" started-at="2025-04-11T17:12:13 IST" name="getUserBySingleQueryParam" finished-at="2025-04-11T17:12:13 IST" duration-ms="276" status="PASS">
          <reporter-output>
          </reporter-output>
        </test-method> <!-- getUserBySingleQueryParam -->
      </class> <!-- com.automation.framework.api.GetUserByParamsTest -->
    </test> <!-- Surefire test -->
  </suite> <!-- Surefire suite -->
</testng-results>
